Synonyms JSON:
{
	 "dog":"dog"
	,"doggy":"dog"
	,"doggie":"dog"
	,"doggo":"dog"
	,"canine":"dog"
	,"k-9":"dog"
	,"k9":"dog"
	,"mutt":"dog"
	,"pup":"dog"
	,"puppy":"dog"
	,"pupper":"dog"
	,"dalmation":"dog"
	,"husky":"dog"
	,"shih tzu":"dog"
	,"poodle":"dog"
	,"golden retriever":"dog"
	,"dachshund":"dog"
	,"weiner dog":"dog"
	,"pit bull":"dog"
	,"pug":"dog"
	,"hound":"dog"
}
Server live
Listening on port 80
Get request for '/ai' received:
query: {"text":"yo"}
	Query 'text': yo
	Synonym 'text': yo
	Reply: yo
Get request for '/ai' received:
query: {"text":"howdy"}
	Query 'text': howdy
	Synonym 'text': howdy
	Reply: [rp_a0_99]Hey there cowboy
